Arguments: 
  C:\Program Files\nodejs\node.exe C:\Users\team\AppData\Roaming\npm\node_modules\yarn\bin\yarn.js add less@1.7.5

PATH: 
  C:\Program Files (x86)\Intel\iCLS Client\;C:\Program Files\Intel\iCLS Client\;C:\WINDOWS\system32;C:\WINDOWS;C:\WINDOWS\System32\Wbem;C:\WINDOWS\System32\WindowsPowerShell\v1.0\;C:\Program Files\Intel\Intel(R) Management Engine Components\DAL;C:\Program Files (x86)\Intel\Intel(R) Management Engine Components\DAL;C:\Program Files\Intel\Intel(R) Management Engine Components\IPT;C:\Program Files (x86)\Intel\Intel(R) Management Engine Components\IPT;C:\Program Files (x86)\ATI Technologies\ATI.ACE\Core-Static;C:\ProgramData\Lenovo\ReadyApps;C:\Program Files\Git\cmd;C:\Program Files\nodejs\;C:\Users\team\AppData\Roaming\npm

Yarn version: 
  1.3.2

Node version: 
  8.9.0

Platform: 
  win32 x64

npm manifest: 
  {
    "name": "DAY4",
    "version": "1.0.0",
    "main": "index.js",
    "license": "MIT",
    "dependencies": {
      "mime": "^2.1.0"
    }
  }

yarn manifest: 
  No manifest

Lockfile: 
  # THIS IS AN AUTOGENERATED FILE. DO NOT EDIT THIS FILE DIRECTLY.
  # yarn lockfile v1
  
  
  mime@^2.1.0:
    version "2.1.0"
    resolved "https://registry.yarnpkg.com/mime/-/mime-2.1.0.tgz#1022a5ada445aa30686e4059abaea83d0b4e8f9c"

Trace: 
  Error: ENOENT: no such file or directory, open 'C:\Users\team\AppData\Local\Yarn\cache\v1\npm-commander-2.2.0-175ad4b9317f3ff615f201c1e57224f55a3e91df\.yarn-metadata.json'
